<?xml version="1.0" encoding="UTF-8"?>
<!-- Generated by org.testng.reporters.JUnitReportReporter -->
<testsuite skipped="0" hostname="DESKTOP-UQCRR3T" name="testcases.HomeScreenTest" tests="1" failures="0" timestamp="26 Nov 2020 05:17:25 GMT" time="22.301" errors="0">
  <testcase name="swip" time="22.301" classname="testcases.HomeScreenTest"/>
</testsuite> <!-- testcases.HomeScreenTest -->
