<?xml version="1.0" encoding="UTF-8"?>
<!-- Generated by org.testng.reporters.JUnitReportReporter -->
<testsuite skipped="0" hostname="DESKTOP-UQCRR3T" name="testcases.loginTest" tests="2" failures="0" timestamp="26 Nov 2020 05:17:25 GMT" time="16.578" errors="0">
  <testcase name="FirstloginBtn" time="6.721" classname="testcases.loginTest"/>
  <testcase name="EnterLoginCredentials" time="9.857" classname="testcases.loginTest"/>
</testsuite> <!-- testcases.loginTest -->
